<?xml version="1.0" encoding="UTF-8"?>
<!-- Generated by org.testng.reporters.JUnitXMLReporter -->
<testsuite ignored="0" hostname="DESKTOP-VU3E9VD" failures="2" tests="2" name="Test(failed)" time="51.445" errors="0" timestamp="2022-09-26T18:13:37 IST">
  <testcase classname="org.frame.test.Wishup_Test_Class" name="loginLogoutTest" time="0.585">
    <failure type="java.lang.NullPointerException" message="Cannot invoke &amp;quot;org.openqa.selenium.WebElement.sendKeys(java.lang.CharSequence[])&amp;quot; because &amp;quot;element&amp;quot; is null">
      <![CDATA[java.lang.NullPointerException: Cannot invoke "org.openqa.selenium.WebElement.sendKeys(java.lang.CharSequence[])" because "element" is null
at org.frame.pages.BasePage.enterText(BasePage.java:26)
at org.frame.pages.Login_Page.enterUserName(Login_Page.java:29)
at org.frame.test.Wishup_Test_Class.loginLogoutTest(Wishup_Test_Class.java:22)
at java.base/java.util.ArrayList.forEach(ArrayList.java:1511)
... Removed 25 stack frames]]>
    </failure>
  </testcase> <!-- loginLogoutTest -->
  <testcase classname="org.frame.test.Wishup_Test_Class" name="loginLogoutTest" time="0.328">
    <failure type="java.lang.NullPointerException" message="Cannot invoke &amp;quot;org.openqa.selenium.WebElement.sendKeys(java.lang.CharSequence[])&amp;quot; because &amp;quot;element&amp;quot; is null">
      <![CDATA[java.lang.NullPointerException: Cannot invoke "org.openqa.selenium.WebElement.sendKeys(java.lang.CharSequence[])" because "element" is null
at org.frame.pages.BasePage.enterText(BasePage.java:26)
at org.frame.pages.Login_Page.enterUserName(Login_Page.java:29)
at org.frame.test.Wishup_Test_Class.loginLogoutTest(Wishup_Test_Class.java:22)
at java.base/java.util.ArrayList.forEach(ArrayList.java:1511)
... Removed 25 stack frames]]>
    </failure>
  </testcase> <!-- loginLogoutTest -->
</testsuite> <!-- Test(failed) -->
