<?xml version="1.0" encoding="UTF-8"?>
<testng-results ignored="0" total="1" passed="1" failed="0" skipped="0">
  <reporter-output>
  </reporter-output>
  <suite started-at="2022-10-11T21:28:25 IST" name="Suite" finished-at="2022-10-11T21:28:49 IST" duration-ms="23098">
    <groups>
    </groups>
    <test started-at="2022-10-11T21:28:25 IST" name="Test" finished-at="2022-10-11T21:28:49 IST" duration-ms="23098">
      <class name="org.makeMyTrip.test.makeMytripTest">
        <test-method is-config="true" signature="setUp()[pri:0, instance:org.makeMyTrip.test.makeMytripTest@3232a28a]" started-at="2022-10-11T21:28:26 IST" name="setUp" finished-at="2022-10-11T21:28:37 IST" duration-ms="11917" status="PASS">
          <reporter-output>
          </reporter-output>
        </test-method> <!-- setUp -->
        <test-method signature="searchFlight_ForOneWay()[pri:0, instance:org.makeMyTrip.test.makeMytripTest@3232a28a]" started-at="2022-10-11T21:28:37 IST" name="searchFlight_ForOneWay" finished-at="2022-10-11T21:28:49 IST" duration-ms="11120" status="PASS">
          <reporter-output>
          </reporter-output>
        </test-method> <!-- searchFlight_ForOneWay -->
      </class> <!-- org.makeMyTrip.test.makeMytripTest -->
    </test> <!-- Test -->
  </suite> <!-- Suite -->
</testng-results>
